\BOOKMARK [1][-]{section.1}{airports}{}% 1
\BOOKMARK [1][-]{section.2}{erdos\137renyi}{}% 2
\BOOKMARK [2][-]{subsection.2.1}{erdos\137renyi\137[n=50,p=0.1]}{section.2}% 3
\BOOKMARK [2][-]{subsection.2.2}{erdos\137renyi\137[n=500,p=0.05]}{section.2}% 4
\BOOKMARK [2][-]{subsection.2.3}{erdos\137renyi\137[n=500,p=0.1]}{section.2}% 5
\BOOKMARK [1][-]{section.3}{watts\137strogatz}{}% 6
\BOOKMARK [2][-]{subsection.3.1}{watts\137strogatz\137[n=500,k=4,p=0.5]}{section.3}% 7
\BOOKMARK [2][-]{subsection.3.2}{watts\137strogatz\137[n=500,k=4,p=0.9]}{section.3}% 8
\BOOKMARK [1][-]{section.4}{barabasi\137albert}{}% 9
\BOOKMARK [2][-]{subsection.4.1}{barabasi\137albert\137[n=500,m=1]}{section.4}% 10
\BOOKMARK [2][-]{subsection.4.2}{barabasi\137albert\137[n=500,m=2]}{section.4}% 11
\BOOKMARK [2][-]{subsection.4.3}{barabasi\137albert\137[n=500,m=4]}{section.4}% 12
\BOOKMARK [2][-]{subsection.4.4}{barabasi\137albert\137[n=1000,m=1]}{section.4}% 13
\BOOKMARK [1][-]{section.5}{models}{}% 14
\BOOKMARK [2][-]{subsection.5.1}{256\1374\1374\1372\13715\13718\137p}{section.5}% 15
\BOOKMARK [2][-]{subsection.5.2}{256\1374\1374\1374\13713\13718\137p}{section.5}% 16
\BOOKMARK [2][-]{subsection.5.3}{rb125}{section.5}% 17
\BOOKMARK [1][-]{section.6}{reals}{}% 18
\BOOKMARK [2][-]{subsection.6.1}{cat\137cortex\137sim}{section.6}% 19
\BOOKMARK [2][-]{subsection.6.2}{dolphins}{section.6}% 20
\BOOKMARK [2][-]{subsection.6.3}{football}{section.6}% 21
\BOOKMARK [2][-]{subsection.6.4}{zachary\137unwh}{section.6}% 22
